2022-02-07T16:49:41.725986Z mysqld_safe Logging to '/var/lib/mysql/cc6f6d045d2b.err'.
2022-02-07T16:49:42.104058Z mysqld_safe Starting mysqld daemon with databases from /var/lib/mysql
2022-02-07T16:49:42.549449Z 0 [Warning] TIMESTAMP with implicit DEFAULT value is deprecated. Please use --explicit_defaults_for_timestamp server option (see documentation for more details).
2022-02-07T16:49:42.572136Z 0 [Note] /usr/sbin/mysqld (mysqld 5.7.35) starting as process 615 ...
2022-02-07T16:49:42.597007Z 0 [Warning] Setting lower_case_table_names=2 because file system for /var/lib/mysql/ is case insensitive
2022-02-07T16:49:42.625585Z 0 [Note] InnoDB: PUNCH HOLE support available
2022-02-07T16:49:42.627420Z 0 [Note] InnoDB: Mutexes and rw_locks use GCC atomic builtins
2022-02-07T16:49:42.627890Z 0 [Note] InnoDB: Uses event mutexes
2022-02-07T16:49:42.628570Z 0 [Note] InnoDB: GCC builtin __atomic_thread_fence() is used for memory barrier
2022-02-07T16:49:42.629263Z 0 [Note] InnoDB: Compressed tables use zlib 1.2.11
2022-02-07T16:49:42.629937Z 0 [Note] InnoDB: Using Linux native AIO
2022-02-07T16:49:42.635599Z 0 [Note] InnoDB: Number of pools: 1
2022-02-07T16:49:42.638546Z 0 [Note] InnoDB: Using CPU crc32 instructions
2022-02-07T16:49:42.642952Z 0 [ERROR] InnoDB: Linux Native AIO interface is not supported on this platform. Please check your OS documentation and install appropriate binary of InnoDB.
2022-02-07T16:49:42.643715Z 0 [Note] InnoDB: You can disable Linux Native AIO by setting innodb_use_native_aio = 0 in my.cnf
2022-02-07T16:49:42.644496Z 0 [Warning] InnoDB: Linux Native AIO disabled.
2022-02-07T16:49:42.649484Z 0 [Note] InnoDB: Initializing buffer pool, total size = 128M, instances = 1, chunk size = 128M
2022-02-07T16:49:42.706228Z 0 [Note] InnoDB: Completed initialization of buffer pool
2022-02-07T16:49:42.729878Z 0 [Note] InnoDB: If the mysqld execution user is authorized, page cleaner thread priority can be changed. See the man page of setpriority().
2022-02-07T16:49:42.866054Z 0 [Note] InnoDB: Highest supported file format is Barracuda.
2022-02-07T16:49:43.471870Z 0 [Note] InnoDB: Creating shared tablespace for temporary tables
2022-02-07T16:49:43.475827Z 0 [Note] InnoDB: Setting file './ibtmp1' size to 12 MB. Physically writing the file full; Please wait ...
2022-02-07T16:49:43.671864Z 0 [Note] InnoDB: File './ibtmp1' size is now 12 MB.
2022-02-07T16:49:43.682127Z 0 [Note] InnoDB: 96 redo rollback segment(s) found. 96 redo rollback segment(s) are active.
2022-02-07T16:49:43.682901Z 0 [Note] InnoDB: 32 non-redo rollback segment(s) are active.
2022-02-07T16:49:43.693286Z 0 [Note] InnoDB: Waiting for purge to start
2022-02-07T16:49:43.747594Z 0 [Note] InnoDB: 5.7.35 started; log sequence number 1205005818
2022-02-07T16:49:43.751858Z 0 [Note] InnoDB: Loading buffer pool(s) from /var/lib/mysql/ib_buffer_pool
2022-02-07T16:49:43.762017Z 0 [Note] Plugin 'FEDERATED' is disabled.
2022-02-07T16:49:43.874700Z 0 [Note] Found ca.pem, server-cert.pem and server-key.pem in data directory. Trying to enable SSL support using them.
2022-02-07T16:49:43.876537Z 0 [Note] Skipping generation of SSL certificates as certificate files are present in data directory.
2022-02-07T16:49:43.877294Z 0 [Warning] A deprecated TLS version TLSv1 is enabled. Please use TLSv1.2 or higher.
2022-02-07T16:49:43.878205Z 0 [Warning] A deprecated TLS version TLSv1.1 is enabled. Please use TLSv1.2 or higher.
2022-02-07T16:49:43.915748Z 0 [Warning] CA certificate ca.pem is self signed.
2022-02-07T16:49:43.922079Z 0 [Note] Skipping generation of RSA key pair as key files are present in data directory.
2022-02-07T16:49:43.946878Z 0 [Note] Server hostname (bind-address): '*'; port: 3306
2022-02-07T16:49:43.949235Z 0 [Note] IPv6 is available.
2022-02-07T16:49:43.951208Z 0 [Note]   - '::' resolves to '::';
2022-02-07T16:49:43.952550Z 0 [Note] Server socket created on IP: '::'.
2022-02-07T16:49:43.982123Z 0 [Warning] Insecure configuration for --pid-file: Location '/var/run/mysqld' in the path is accessible to all OS users. Consider choosing a different directory.
2022-02-07T16:49:43.983040Z 0 [Note] InnoDB: Buffer pool(s) load completed at 220207 16:49:43
2022-02-07T16:49:44.486847Z 0 [Note] Event Scheduler: Loaded 0 events
2022-02-07T16:49:44.490150Z 0 [Note] /usr/sbin/mysqld: ready for connections.
Version: '5.7.35'  socket: '/var/run/mysqld/mysqld.sock'  port: 3306  MySQL Community Server (GPL)
2022-02-07T16:49:46.726927Z mysqld_safe Logging to '/var/lib/mysql/cc6f6d045d2b.err'.
2022-02-07T16:49:47.094341Z mysqld_safe Starting mysqld daemon with databases from /var/lib/mysql
2022-02-07T16:49:47.515029Z 0 [Warning] TIMESTAMP with implicit DEFAULT value is deprecated. Please use --explicit_defaults_for_timestamp server option (see documentation for more details).
2022-02-07T16:49:47.533978Z 0 [Note] /usr/sbin/mysqld (mysqld 5.7.35) starting as process 630 ...
2022-02-07T16:49:47.556114Z 0 [Warning] Setting lower_case_table_names=2 because file system for /var/lib/mysql/ is case insensitive
2022-02-07T16:49:47.585795Z 0 [Note] InnoDB: PUNCH HOLE support available
2022-02-07T16:49:47.587968Z 0 [Note] InnoDB: Mutexes and rw_locks use GCC atomic builtins
2022-02-07T16:49:47.588498Z 0 [Note] InnoDB: Uses event mutexes
2022-02-07T16:49:47.589470Z 0 [Note] InnoDB: GCC builtin __atomic_thread_fence() is used for memory barrier
2022-02-07T16:49:47.590453Z 0 [Note] InnoDB: Compressed tables use zlib 1.2.11
2022-02-07T16:49:47.591246Z 0 [Note] InnoDB: Using Linux native AIO
2022-02-07T16:49:47.596658Z 0 [Note] InnoDB: Number of pools: 1
2022-02-07T16:49:47.599455Z 0 [Note] InnoDB: Using CPU crc32 instructions
2022-02-07T16:49:47.602396Z 0 [ERROR] InnoDB: Linux Native AIO interface is not supported on this platform. Please check your OS documentation and install appropriate binary of InnoDB.
2022-02-07T16:49:47.603094Z 0 [Note] InnoDB: You can disable Linux Native AIO by setting innodb_use_native_aio = 0 in my.cnf
2022-02-07T16:49:47.603728Z 0 [Warning] InnoDB: Linux Native AIO disabled.
2022-02-07T16:49:47.608157Z 0 [Note] InnoDB: Initializing buffer pool, total size = 128M, instances = 1, chunk size = 128M
2022-02-07T16:49:47.663441Z 0 [Note] InnoDB: Completed initialization of buffer pool
2022-02-07T16:49:47.688890Z 0 [Note] InnoDB: If the mysqld execution user is authorized, page cleaner thread priority can be changed. See the man page of setpriority().
2022-02-07T16:49:47.809803Z 0 [Note] InnoDB: Highest supported file format is Barracuda.
2022-02-07T16:49:47.835411Z 0 [Note] InnoDB: Log scan progressed past the checkpoint lsn 1205005818
2022-02-07T16:49:47.836243Z 0 [Note] InnoDB: Doing recovery: scanned up to log sequence number 1205005853
2022-02-07T16:49:47.837397Z 0 [Note] InnoDB: Database was not shutdown normally!
2022-02-07T16:49:47.838018Z 0 [Note] InnoDB: Starting crash recovery.
2022-02-07T16:49:48.661711Z 0 [Note] InnoDB: Removed temporary tablespace data file: "ibtmp1"
2022-02-07T16:49:48.662671Z 0 [Note] InnoDB: Creating shared tablespace for temporary tables
2022-02-07T16:49:48.666215Z 0 [Note] InnoDB: Setting file './ibtmp1' size to 12 MB. Physically writing the file full; Please wait ...
2022-02-07T16:49:48.897515Z 0 [Note] InnoDB: File './ibtmp1' size is now 12 MB.
2022-02-07T16:49:48.907239Z 0 [Note] InnoDB: 96 redo rollback segment(s) found. 96 redo rollback segment(s) are active.
2022-02-07T16:49:48.907896Z 0 [Note] InnoDB: 32 non-redo rollback segment(s) are active.
2022-02-07T16:49:48.916862Z 0 [Note] InnoDB: Waiting for purge to start
2022-02-07T16:49:48.970053Z 0 [Note] InnoDB: 5.7.35 started; log sequence number 1205005853
2022-02-07T16:49:48.976711Z 0 [Note] InnoDB: Loading buffer pool(s) from /var/lib/mysql/ib_buffer_pool
2022-02-07T16:49:48.983495Z 0 [Note] Plugin 'FEDERATED' is disabled.
2022-02-07T16:49:49.104719Z 0 [Note] Found ca.pem, server-cert.pem and server-key.pem in data directory. Trying to enable SSL support using them.
2022-02-07T16:49:49.105634Z 0 [Note] Skipping generation of SSL certificates as certificate files are present in data directory.
2022-02-07T16:49:49.106309Z 0 [Warning] A deprecated TLS version TLSv1 is enabled. Please use TLSv1.2 or higher.
2022-02-07T16:49:49.108897Z 0 [Warning] A deprecated TLS version TLSv1.1 is enabled. Please use TLSv1.2 or higher.
2022-02-07T16:49:49.166052Z 0 [Note] InnoDB: Buffer pool(s) load completed at 220207 16:49:49
2022-02-07T16:49:49.167808Z 0 [Warning] CA certificate ca.pem is self signed.
2022-02-07T16:49:49.169901Z 0 [Note] Skipping generation of RSA key pair as key files are present in data directory.
2022-02-07T16:49:49.182320Z 0 [Note] Server hostname (bind-address): '*'; port: 3306
2022-02-07T16:49:49.183529Z 0 [Note] IPv6 is available.
2022-02-07T16:49:49.184616Z 0 [Note]   - '::' resolves to '::';
2022-02-07T16:49:49.185603Z 0 [Note] Server socket created on IP: '::'.
2022-02-07T16:49:49.189383Z 0 [Warning] Insecure configuration for --pid-file: Location '/var/run/mysqld' in the path is accessible to all OS users. Consider choosing a different directory.
2022-02-07T16:49:51.820266Z mysqld_safe Logging to '/var/lib/mysql/cc6f6d045d2b.err'.
2022-02-07T16:49:52.203897Z mysqld_safe Starting mysqld daemon with databases from /var/lib/mysql
2022-02-07T16:49:52.616574Z 0 [Warning] TIMESTAMP with implicit DEFAULT value is deprecated. Please use --explicit_defaults_for_timestamp server option (see documentation for more details).
2022-02-07T16:49:52.634607Z 0 [Note] /usr/sbin/mysqld (mysqld 5.7.35) starting as process 631 ...
2022-02-07T16:49:52.657570Z 0 [Warning] Setting lower_case_table_names=2 because file system for /var/lib/mysql/ is case insensitive
2022-02-07T16:49:52.681924Z 0 [Note] InnoDB: PUNCH HOLE support available
2022-02-07T16:49:52.683810Z 0 [Note] InnoDB: Mutexes and rw_locks use GCC atomic builtins
2022-02-07T16:49:52.684596Z 0 [Note] InnoDB: Uses event mutexes
2022-02-07T16:49:52.685329Z 0 [Note] InnoDB: GCC builtin __atomic_thread_fence() is used for memory barrier
2022-02-07T16:49:52.686304Z 0 [Note] InnoDB: Compressed tables use zlib 1.2.11
2022-02-07T16:49:52.687085Z 0 [Note] InnoDB: Using Linux native AIO
2022-02-07T16:49:52.692401Z 0 [Note] InnoDB: Number of pools: 1
2022-02-07T16:49:52.694981Z 0 [Note] InnoDB: Using CPU crc32 instructions
2022-02-07T16:49:52.697821Z 0 [ERROR] InnoDB: Linux Native AIO interface is not supported on this platform. Please check your OS documentation and install appropriate binary of InnoDB.
2022-02-07T16:49:52.698657Z 0 [Note] InnoDB: You can disable Linux Native AIO by setting innodb_use_native_aio = 0 in my.cnf
2022-02-07T16:49:52.699467Z 0 [Warning] InnoDB: Linux Native AIO disabled.
2022-02-07T16:49:52.704045Z 0 [Note] InnoDB: Initializing buffer pool, total size = 128M, instances = 1, chunk size = 128M
2022-02-07T16:49:52.768827Z 0 [Note] InnoDB: Completed initialization of buffer pool
2022-02-07T16:49:52.791609Z 0 [Note] InnoDB: If the mysqld execution user is authorized, page cleaner thread priority can be changed. See the man page of setpriority().
2022-02-07T16:49:52.896629Z 0 [Note] InnoDB: Highest supported file format is Barracuda.
2022-02-07T16:49:52.922078Z 0 [Note] InnoDB: Log scan progressed past the checkpoint lsn 1205005818
2022-02-07T16:49:52.923132Z 0 [Note] InnoDB: Doing recovery: scanned up to log sequence number 1205005872
2022-02-07T16:49:52.924451Z 0 [Note] InnoDB: Database was not shutdown normally!
2022-02-07T16:49:52.925081Z 0 [Note] InnoDB: Starting crash recovery.
2022-02-07T16:49:53.722732Z 0 [Note] InnoDB: Removed temporary tablespace data file: "ibtmp1"
2022-02-07T16:49:53.723508Z 0 [Note] InnoDB: Creating shared tablespace for temporary tables
2022-02-07T16:49:53.727523Z 0 [Note] InnoDB: Setting file './ibtmp1' size to 12 MB. Physically writing the file full; Please wait ...
2022-02-07T16:49:53.924523Z 0 [Note] InnoDB: File './ibtmp1' size is now 12 MB.
2022-02-07T16:49:53.934414Z 0 [Note] InnoDB: 96 redo rollback segment(s) found. 96 redo rollback segment(s) are active.
2022-02-07T16:49:53.935149Z 0 [Note] InnoDB: 32 non-redo rollback segment(s) are active.
2022-02-07T16:49:53.945455Z 0 [Note] InnoDB: Waiting for purge to start
2022-02-07T16:49:53.998242Z 0 [Note] InnoDB: 5.7.35 started; log sequence number 1205005872
2022-02-07T16:49:54.003995Z 0 [Note] InnoDB: Loading buffer pool(s) from /var/lib/mysql/ib_buffer_pool
2022-02-07T16:49:54.006715Z 0 [Note] Plugin 'FEDERATED' is disabled.
2022-02-07T16:49:54.106457Z 0 [Note] Found ca.pem, server-cert.pem and server-key.pem in data directory. Trying to enable SSL support using them.
2022-02-07T16:49:54.107745Z 0 [Note] Skipping generation of SSL certificates as certificate files are present in data directory.
2022-02-07T16:49:54.108672Z 0 [Warning] A deprecated TLS version TLSv1 is enabled. Please use TLSv1.2 or higher.
2022-02-07T16:49:54.109472Z 0 [Warning] A deprecated TLS version TLSv1.1 is enabled. Please use TLSv1.2 or higher.
2022-02-07T16:49:54.177231Z 0 [Warning] CA certificate ca.pem is self signed.
2022-02-07T16:49:54.180784Z 0 [Note] Skipping generation of RSA key pair as key files are present in data directory.
2022-02-07T16:49:54.194195Z 0 [Note] InnoDB: Buffer pool(s) load completed at 220207 16:49:54
2022-02-07T16:49:54.203582Z 0 [Note] Server hostname (bind-address): '*'; port: 3306
2022-02-07T16:49:54.204987Z 0 [Note] IPv6 is available.
2022-02-07T16:49:54.205937Z 0 [Note]   - '::' resolves to '::';
2022-02-07T16:49:54.206896Z 0 [Note] Server socket created on IP: '::'.
2022-02-07T16:49:54.212138Z 0 [Warning] Insecure configuration for --pid-file: Location '/var/run/mysqld' in the path is accessible to all OS users. Consider choosing a different directory.
2022-02-07T16:49:57.120406Z mysqld_safe Logging to '/var/lib/mysql/cc6f6d045d2b.err'.
2022-02-07T16:49:57.495122Z mysqld_safe Starting mysqld daemon with databases from /var/lib/mysql
2022-02-07T16:49:57.918508Z 0 [Warning] TIMESTAMP with implicit DEFAULT value is deprecated. Please use --explicit_defaults_for_timestamp server option (see documentation for more details).
2022-02-07T16:49:57.939143Z 0 [Note] /usr/sbin/mysqld (mysqld 5.7.35) starting as process 629 ...
2022-02-07T16:49:57.964256Z 0 [Warning] Setting lower_case_table_names=2 because file system for /var/lib/mysql/ is case insensitive
2022-02-07T16:49:57.988705Z 0 [Note] InnoDB: PUNCH HOLE support available
2022-02-07T16:49:57.990652Z 0 [Note] InnoDB: Mutexes and rw_locks use GCC atomic builtins
2022-02-07T16:49:57.991235Z 0 [Note] InnoDB: Uses event mutexes
2022-02-07T16:49:57.992074Z 0 [Note] InnoDB: GCC builtin __atomic_thread_fence() is used for memory barrier
2022-02-07T16:49:57.992868Z 0 [Note] InnoDB: Compressed tables use zlib 1.2.11
2022-02-07T16:49:57.993579Z 0 [Note] InnoDB: Using Linux native AIO
2022-02-07T16:49:57.998710Z 0 [Note] InnoDB: Number of pools: 1
2022-02-07T16:49:58.001111Z 0 [Note] InnoDB: Using CPU crc32 instructions
2022-02-07T16:49:58.003736Z 0 [ERROR] InnoDB: Linux Native AIO interface is not supported on this platform. Please check your OS documentation and install appropriate binary of InnoDB.
2022-02-07T16:49:58.004524Z 0 [Note] InnoDB: You can disable Linux Native AIO by setting innodb_use_native_aio = 0 in my.cnf
2022-02-07T16:49:58.005497Z 0 [Warning] InnoDB: Linux Native AIO disabled.
2022-02-07T16:49:58.009716Z 0 [Note] InnoDB: Initializing buffer pool, total size = 128M, instances = 1, chunk size = 128M
2022-02-07T16:49:58.067801Z 0 [Note] InnoDB: Completed initialization of buffer pool
2022-02-07T16:49:58.093487Z 0 [Note] InnoDB: If the mysqld execution user is authorized, page cleaner thread priority can be changed. See the man page of setpriority().
2022-02-07T16:49:58.204280Z 0 [Note] InnoDB: Highest supported file format is Barracuda.
2022-02-07T16:49:58.228527Z 0 [Note] InnoDB: Log scan progressed past the checkpoint lsn 1205005818
2022-02-07T16:49:58.229485Z 0 [Note] InnoDB: Doing recovery: scanned up to log sequence number 1205005891
2022-02-07T16:49:58.230801Z 0 [Note] InnoDB: Database was not shutdown normally!
2022-02-07T16:49:58.231605Z 0 [Note] InnoDB: Starting crash recovery.
2022-02-07T16:49:59.111639Z 0 [Note] InnoDB: Removed temporary tablespace data file: "ibtmp1"
2022-02-07T16:49:59.112474Z 0 [Note] InnoDB: Creating shared tablespace for temporary tables
2022-02-07T16:49:59.117751Z 0 [Note] InnoDB: Setting file './ibtmp1' size to 12 MB. Physically writing the file full; Please wait ...
2022-02-07T16:49:59.355253Z 0 [Note] InnoDB: File './ibtmp1' size is now 12 MB.
2022-02-07T16:49:59.367204Z 0 [Note] InnoDB: 96 redo rollback segment(s) found. 96 redo rollback segment(s) are active.
2022-02-07T16:49:59.368158Z 0 [Note] InnoDB: 32 non-redo rollback segment(s) are active.
2022-02-07T16:49:59.379408Z 0 [Note] InnoDB: Waiting for purge to start
2022-02-07T16:49:59.433231Z 0 [Note] InnoDB: 5.7.35 started; log sequence number 1205005891
2022-02-07T16:49:59.438019Z 0 [Note] InnoDB: Loading buffer pool(s) from /var/lib/mysql/ib_buffer_pool
2022-02-07T16:49:59.444463Z 0 [Note] Plugin 'FEDERATED' is disabled.
2022-02-07T16:49:59.562338Z 0 [Note] Found ca.pem, server-cert.pem and server-key.pem in data directory. Trying to enable SSL support using them.
2022-02-07T16:49:59.564100Z 0 [Note] Skipping generation of SSL certificates as certificate files are present in data directory.
2022-02-07T16:49:59.565667Z 0 [Warning] A deprecated TLS version TLSv1 is enabled. Please use TLSv1.2 or higher.
2022-02-07T16:49:59.566774Z 0 [Warning] A deprecated TLS version TLSv1.1 is enabled. Please use TLSv1.2 or higher.
2022-02-07T16:49:59.638827Z 0 [Warning] CA certificate ca.pem is self signed.
2022-02-07T16:49:59.654224Z 0 [Note] Skipping generation of RSA key pair as key files are present in data directory.
2022-02-07T16:49:59.664197Z 0 [Note] InnoDB: Buffer pool(s) load completed at 220207 16:49:59
2022-02-07T16:49:59.686332Z 0 [Note] Server hostname (bind-address): '*'; port: 3306
2022-02-07T16:49:59.689497Z 0 [Note] IPv6 is available.
2022-02-07T16:49:59.691521Z 0 [Note]   - '::' resolves to '::';
2022-02-07T16:49:59.693732Z 0 [Note] Server socket created on IP: '::'.
2022-02-07T16:49:59.703597Z 0 [Warning] Insecure configuration for --pid-file: Location '/var/run/mysqld' in the path is accessible to all OS users. Consider choosing a different directory.
2022-02-07T16:50:00.297786Z 0 [Note] Event Scheduler: Loaded 0 events
2022-02-07T16:50:00.302986Z 0 [Note] /usr/sbin/mysqld: ready for connections.
Version: '5.7.35'  socket: '/var/run/mysqld/mysqld.sock'  port: 3306  MySQL Community Server (GPL)
